<?xml version="1.0" encoding="UTF-8"?>
<!-- Generated by org.testng.reporters.JUnitReportReporter -->
<testsuite hostname="LAPTOP-FB3E7NT5" failures="0" tests="2" name="functionalTests.Class2" time="0.004" errors="0" timestamp="2022-06-22T13:28:07 IST" skipped="0">
  <testcase classname="functionalTests.Class2" name="testX" time="0.002"/>
  <system-out/>
  <testcase classname="functionalTests.Class2" name="testZ" time="0.002"/>
  <system-out/>
</testsuite> <!-- functionalTests.Class2 -->
