<?xml version="1.0" encoding="UTF-8"?>
<!-- Generated by org.testng.reporters.JUnitReportReporter -->
<testsuite hostname="LAPTOP-FB3E7NT5" failures="0" tests="3" name="functionalTests.Class4" time="0.010" errors="0" timestamp="2022-06-22T15:02:50 IST" skipped="0">
  <testcase classname="functionalTests.Class4" name="testGoodMorning" time="0.007"/>
  <system-out/>
  <testcase classname="functionalTests.Class4" name="testGoodMorning" time="0.001"/>
  <system-out/>
  <testcase classname="functionalTests.Class4" name="testGoodMorning" time="0.002"/>
  <system-out/>
</testsuite> <!-- functionalTests.Class4 -->
