<?xml version="1.0" encoding="UTF-8"?>
<!-- Generated by org.testng.reporters.JUnitReportReporter -->
<testsuite hostname="LAPTOP-FB3E7NT5" failures="0" tests="1" name="utils.ExcelUtils" time="0.802" errors="0" timestamp="2022-06-23T19:48:42 IST" skipped="0">
  <testcase classname="utils.ExcelUtils" name="iterateDataTest" time="0.802"/>
  <system-out/>
</testsuite> <!-- utils.ExcelUtils -->
