<?xml version="1.0" encoding="UTF-8"?>
<!-- Generated by org.testng.reporters.JUnitReportReporter -->
<testsuite hostname="LAPTOP-FB3E7NT5" failures="0" tests="4" name="functionalTests.Class1" time="0.033" errors="0" timestamp="2022-06-23T20:22:25 IST" skipped="0">
  <testcase classname="functionalTests.Class1" name="testB" time="0.002"/>
  <system-out/>
  <testcase classname="functionalTests.Class1" name="testA" time="0.007"/>
  <system-out/>
  <testcase classname="functionalTests.Class1" name="testLogging" time="0.010"/>
  <system-out/>
  <testcase classname="functionalTests.Class1" name="testC" time="0.014"/>
  <system-out/>
</testsuite> <!-- functionalTests.Class1 -->
