<?xml version="1.0" encoding="UTF-8"?>
<!-- Generated by org.testng.reporters.JUnitReportReporter -->
<testsuite hostname="LAPTOP-FB3E7NT5" failures="0" tests="1" name="functionalTests.Class3" time="0.009" errors="0" timestamp="2022-06-22T14:41:09 IST" skipped="0">
  <testcase classname="functionalTests.Class3" name="testHello" time="0.009"/>
  <system-out/>
</testsuite> <!-- functionalTests.Class3 -->
