<?xml version="1.0" encoding="UTF-8"?>
<!-- Generated by org.testng.reporters.JUnitReportReporter -->
<testsuite hostname="LAPTOP-FB3E7NT5" failures="0" tests="9" name="functionalTests.Class5" time="0.030" errors="0" timestamp="2022-06-23T19:54:24 IST" skipped="0">
  <testcase classname="functionalTests.Class5" name="testGoodMorning" time="0.002"/>
  <system-out/>
  <testcase classname="functionalTests.Class5" name="testGoodMorning" time="0.001"/>
  <system-out/>
  <testcase classname="functionalTests.Class5" name="testGoodMorning" time="0.007"/>
  <system-out/>
  <testcase classname="functionalTests.Class5" name="testGoodMorning" time="0.002"/>
  <system-out/>
  <testcase classname="functionalTests.Class5" name="testGoodMorning" time="0.001"/>
  <system-out/>
  <testcase classname="functionalTests.Class5" name="testGoodMorning" time="0.005"/>
  <system-out/>
  <testcase classname="functionalTests.Class5" name="testGoodMorning" time="0.004"/>
  <system-out/>
  <testcase classname="functionalTests.Class5" name="testGoodMorning" time="0.006"/>
  <system-out/>
  <testcase classname="functionalTests.Class5" name="testGoodMorning" time="0.002"/>
  <system-out/>
</testsuite> <!-- functionalTests.Class5 -->
