<?xml version="1.0" encoding="UTF-8"?>
<!-- Generated by org.testng.reporters.JUnitReportReporter -->
<testsuite hostname="LAPTOP-FB3E7NT5" failures="0" tests="1" name="com.qa.util.MyIDUtil" time="1.224" errors="0" timestamp="2022-04-12T17:19:03 IST" skipped="0">
  <testcase classname="com.qa.util.MyIDUtil" name="getSession" time="1.224"/>
  <system-out/>
</testsuite> <!-- com.qa.util.MyIDUtil -->
