<?xml version="1.0" encoding="UTF-8"?>
<!-- Generated by org.testng.reporters.JUnitReportReporter -->
<testsuite hostname="LAPTOP-FB3E7NT5" failures="0" tests="1" name="com.qa.tests.GetAPITest" time="1.810" errors="0" timestamp="2022-04-21T12:50:03 IST" skipped="0">
  <testcase classname="com.qa.tests.GetAPITest" name="getTest" time="1.810"/>
  <system-out/>
</testsuite> <!-- com.qa.tests.GetAPITest -->
