<?xml version="1.0" encoding="UTF-8"?>
<!-- Generated by org.testng.reporters.JUnitReportReporter -->
<testsuite hostname="LAPTOP-FB3E7NT5" failures="0" tests="1" name="com.qa.tests.PostAPITest" time="3.394" errors="0" timestamp="2022-05-23T00:55:06 IST" skipped="0">
  <testcase classname="com.qa.tests.PostAPITest" name="postAPITest" time="3.394"/>
  <system-out/>
</testsuite> <!-- com.qa.tests.PostAPITest -->
