<?xml version="1.0" encoding="UTF-8"?>
<!-- Generated by org.testng.reporters.JUnitReportReporter -->
<testsuite hostname="LAPTOP-FB3E7NT5" failures="0" tests="1" name="com.qa.tests.BearerTokenAuthTest" time="29.062" errors="0" timestamp="2022-06-24T17:22:44 IST" skipped="0">
  <testcase classname="com.qa.tests.BearerTokenAuthTest" name="postAPITest" time="29.062"/>
  <system-out/>
</testsuite> <!-- com.qa.tests.BearerTokenAuthTest -->
