<?xml version="1.0" encoding="UTF-8"?>
<!-- Generated by org.testng.reporters.JUnitReportReporter -->
<testsuite hostname="LAPTOP-FB3E7NT5" failures="0" tests="1" name="com.qa.tests.NewHttpClientGet" time="0.009" errors="0" timestamp="2022-06-24T20:00:15 IST" skipped="0">
  <testcase classname="com.qa.tests.NewHttpClientGet" name="getTest" time="0.009"/>
  <system-out/>
</testsuite> <!-- com.qa.tests.NewHttpClientGet -->
