<?xml version="1.0" encoding="UTF-8"?>
<!-- Generated by org.testng.reporters.JUnitReportReporter -->
<testsuite hostname="LAPTOP-FB3E7NT5" failures="0" tests="1" name="com.qa.tests.BasicAuthTest" time="29.013" errors="0" timestamp="2022-06-24T16:56:05 IST" skipped="0">
  <testcase classname="com.qa.tests.BasicAuthTest" name="postAPITest" time="29.013"/>
  <system-out/>
</testsuite> <!-- com.qa.tests.BasicAuthTest -->
