<?xml version="1.0" encoding="UTF-8"?>
<!-- Generated by org.testng.reporters.JUnitReportReporter -->
<testsuite hostname="LAPTOP-FB3E7NT5" failures="0" tests="1" name="functionalTest.HomePageTest" time="52.867" errors="0" timestamp="2022-06-27T15:27:23 IST" skipped="0">
  <testcase classname="functionalTest.HomePageTest" name="homeAssertionTest" time="52.867"/>
  <system-out/>
</testsuite> <!-- functionalTest.HomePageTest -->
