<?xml version="1.0" encoding="UTF-8"?>
<!-- Generated by org.testng.reporters.JUnitReportReporter -->
<testsuite hostname="LAPTOP-FB3E7NT5" failures="0" tests="3" name="functionalTest.HomeTest" time="129.414" errors="0" timestamp="2022-06-03T12:58:26 IST" skipped="0">
  <testcase classname="functionalTest.HomeTest" name="loginTest" time="38.949"/>
  <system-out/>
  <testcase classname="functionalTest.HomeTest" name="loginTest" time="35.429"/>
  <system-out/>
  <testcase classname="functionalTest.HomeTest" name="loginTest" time="55.036"/>
  <system-out/>
</testsuite> <!-- functionalTest.HomeTest -->
