<?xml version="1.0" encoding="UTF-8"?>
<!-- Generated by org.testng.reporters.JUnitReportReporter -->
<testsuite hostname="LAPTOP-FB3E7NT5" failures="0" tests="3" name="tests.AndroidTest" time="0.009" errors="0" timestamp="2022-05-16T20:18:46 IST" skipped="0">
  <testcase classname="tests.AndroidTest" name="androidScrollTest" time="0.001"/>
  <system-out/>
  <testcase classname="tests.AndroidTest" name="androidQuitTest" time="0.007"/>
  <system-out/>
  <testcase classname="tests.AndroidTest" name="androidZoomTest" time="0.001"/>
  <system-out/>
</testsuite> <!-- tests.AndroidTest -->
