<?xml version="1.0" encoding="UTF-8"?>
<!-- Generated by org.testng.reporters.JUnitReportReporter -->
<testsuite hostname="LAPTOP-FB3E7NT5" failures="0" tests="3" name="tests.WebTest" time="0.002" errors="0" timestamp="2022-05-16T20:18:46 IST" skipped="0">
  <testcase classname="tests.WebTest" name="webSearchTest" time="0.000"/>
  <system-out/>
  <testcase classname="tests.WebTest" name="webLoginTest" time="0.002"/>
  <system-out/>
  <testcase classname="tests.WebTest" name="webLogoutTest" time="0.000"/>
  <system-out/>
</testsuite> <!-- tests.WebTest -->
