<?xml version="1.0" encoding="UTF-8"?>
<!-- Generated by org.testng.reporters.JUnitReportReporter -->
<testsuite hostname="LAPTOP-FB3E7NT5" failures="0" tests="3" name="functionalTest.HomeTest" time="92.153" errors="0" timestamp="2022-05-27T17:22:50 IST" skipped="0">
  <testcase classname="functionalTest.HomeTest" name="loginTest" time="39.212"/>
  <system-out/>
  <testcase classname="functionalTest.HomeTest" name="loginTest" time="30.004"/>
  <system-out/>
  <testcase classname="functionalTest.HomeTest" name="loginTest" time="22.937"/>
  <system-out/>
</testsuite> <!-- functionalTest.HomeTest -->
