<?xml version="1.0" encoding="UTF-8"?>
<!-- Generated by org.testng.reporters.JUnitReportReporter -->
<testsuite hostname="LAPTOP-FB3E7NT5" failures="0" tests="3" name="functionalTest.HomeTest" time="43.598" errors="0" timestamp="2022-06-21T20:34:39 IST" skipped="0">
  <testcase classname="functionalTest.HomeTest" name="loginTest" time="12.899"/>
  <system-out/>
  <testcase classname="functionalTest.HomeTest" name="loginTest" time="16.879"/>
  <system-out/>
  <testcase classname="functionalTest.HomeTest" name="loginTest" time="13.820"/>
  <system-out/>
</testsuite> <!-- functionalTest.HomeTest -->
