<?xml version="1.0" encoding="UTF-8"?>
<!-- Generated by org.testng.reporters.JUnitReportReporter -->
<testsuite hostname="LAPTOP-FB3E7NT5" failures="0" tests="1" name="functionalTest.HomePageTest" time="10.350" errors="0" timestamp="2022-06-21T20:34:39 IST" skipped="0">
  <testcase classname="functionalTest.HomePageTest" name="homeAssertionTest" time="10.350"/>
  <system-out/>
</testsuite> <!-- functionalTest.HomePageTest -->
