<?xml version="1.0" encoding="UTF-8"?>
<!-- Generated by org.testng.reporters.JUnitReportReporter -->
<testsuite hostname="LAPTOP-FB3E7NT5" failures="0" tests="1" name="com.qa.tests.SwaggerPostTest" time="37.569" errors="0" timestamp="2 Dec 2021 14:52:06 GMT">
  <testcase classname="com.qa.tests.SwaggerPostTest" name="postTest_with_Headers" time="37.569"/>
</testsuite> <!-- com.qa.tests.SwaggerPostTest -->
