<?xml version="1.0" encoding="UTF-8"?>
<!-- Generated by org.testng.reporters.JUnitReportReporter -->
<testsuite hostname="LAPTOP-FB3E7NT5" failures="0" tests="1" name="com.qa.tests.FindByUmgCodesTest" time="0.717" errors="0" timestamp="14 Dec 2021 09:54:33 GMT">
  <testcase classname="com.qa.tests.FindByUmgCodesTest" name="testFindByUmgCodeSingleValue" time="0.717"/>
</testsuite> <!-- com.qa.tests.FindByUmgCodesTest -->
