<?xml version="1.0" encoding="UTF-8"?>
<!-- Generated by org.testng.reporters.JUnitReportReporter -->
<testsuite hostname="LAPTOP-FB3E7NT5" failures="0" tests="1" name="com.qa.model.Isrc" time="0.013" errors="0" timestamp="2021-12-20T15:21:32 IST" skipped="0">
  <testcase classname="com.qa.model.Isrc" name="Test1" time="0.013"/>
  <system-out/>
</testsuite> <!-- com.qa.model.Isrc -->
