<?xml version="1.0" encoding="UTF-8"?>
<!-- Generated by org.testng.reporters.JUnitReportReporter -->
<testsuite hostname="LAPTOP-FB3E7NT5" failures="0" tests="1" name="com.qa.tests.TestClassAA" time="0.210" errors="0" timestamp="2022-02-08T19:50:15 IST" skipped="0">
  <testcase classname="com.qa.tests.TestClassAA" name="Test1" time="0.210"/>
  <system-out/>
</testsuite> <!-- com.qa.tests.TestClassAA -->
