<?xml version="1.0" encoding="UTF-8"?>
<!-- Generated by org.testng.reporters.JUnitReportReporter -->
<testsuite hostname="LAPTOP-FB3E7NT5" failures="0" tests="1" name="com.qa.tests.ResponseBuilder2" time="0.421" errors="0" timestamp="10 Dec 2021 12:18:10 GMT">
  <testcase classname="com.qa.tests.ResponseBuilder2" name="responsebuild" time="0.421"/>
</testsuite> <!-- com.qa.tests.ResponseBuilder2 -->
