<?xml version="1.0" encoding="UTF-8"?>
<!-- Generated by org.testng.reporters.JUnitReportReporter -->
<testsuite hostname="LAPTOP-FB3E7NT5" failures="0" tests="1" name="com.qa.tests.Swagger_request_response_Builder" time="0.663" errors="0" timestamp="2 Dec 2021 13:53:54 GMT">
  <testcase classname="com.qa.tests.Swagger_request_response_Builder" name="testing_request_response" time="0.663"/>
</testsuite> <!-- com.qa.tests.Swagger_request_response_Builder -->
