<?xml version="1.0" encoding="UTF-8"?>
<!-- Generated by org.testng.reporters.JUnitReportReporter -->
<testsuite hostname="LAPTOP-FB3E7NT5" failures="0" tests="3" name="tests.AndroidTest" time="0.016" errors="0" timestamp="2022-05-16T13:28:02 IST" skipped="0">
  <testcase classname="tests.AndroidTest" name="androidQuitTest" time="0.011"/>
  <system-out/>
  <testcase classname="tests.AndroidTest" name="androidScrollTest" time="0.002"/>
  <system-out/>
  <testcase classname="tests.AndroidTest" name="androidZoomTest" time="0.003"/>
  <system-out/>
</testsuite> <!-- tests.AndroidTest -->
