<?xml version="1.0" encoding="UTF-8"?>
<!-- Generated by org.testng.reporters.JUnitReportReporter -->
<testsuite hostname="LAPTOP-FB3E7NT5" failures="0" tests="3" name="tests.APITest" time="0.004" errors="0" timestamp="2022-05-16T13:26:47 IST" skipped="0">
  <testcase classname="tests.APITest" name="apiPostTest" time="0.001"/>
  <system-out/>
  <testcase classname="tests.APITest" name="apiDeleteTest" time="0.002"/>
  <system-out/>
  <testcase classname="tests.APITest" name="apiGetTest" time="0.001"/>
  <system-out/>
</testsuite> <!-- tests.APITest -->
