<?xml version="1.0" encoding="UTF-8"?>
<!-- Generated by org.testng.reporters.JUnitReportReporter -->
<testsuite hostname="LAPTOP-FB3E7NT5" failures="0" tests="1" name="functionalTests.YahooTest" time="11.489" errors="0" timestamp="2022-05-24T16:25:01 IST" skipped="0">
  <testcase classname="functionalTests.YahooTest" name="signuptest" time="11.489"/>
  <system-out/>
</testsuite> <!-- functionalTests.YahooTest -->
