<?xml version="1.0" encoding="UTF-8"?>
<!-- Generated by org.testng.reporters.JUnitReportReporter -->
<testsuite hostname="LAPTOP-FB3E7NT5" failures="0" tests="1" name="functionalTests.YahooLoginTest" time="113.250" errors="0" timestamp="2022-05-24T15:40:29 IST" skipped="0">
  <testcase classname="functionalTests.YahooLoginTest" name="logintest" time="113.250"/>
  <system-out/>
</testsuite> <!-- functionalTests.YahooLoginTest -->
